<?xml version="1.0" encoding="UTF-8"?>
<testsuite xmlns:xsi="http://www.w3.org/2001/XMLSchema-instance" xsi:noNamespaceSchemaLocation="https://maven.apache.org/surefire/maven-surefire-plugin/xsd/surefire-test-report.xsd" version="3.0.2" name="com.microservices.gateway.filter.AuthenticationFilterTest" time="1.361" tests="5" errors="0" skipped="0" failures="0">
  <properties>
[...]
</properties>
  <testcase name="filter_allowsValidApiKey" classname="com.microservices.gateway.filter.AuthenticationFilterTest" time="1.013">
    <system-out><![CDATA[08:04:24.806 [main] INFO com.microservices.gateway.filter.AuthenticationFilter -- Processing request for path: /api/v1/protected
08:04:25.165 [main] INFO com.microservices.gateway.filter.AuthenticationFilter -- Authenticated API Key for user: user123
08:04:25.167 [main] WARN com.microservices.gateway.filter.AuthenticationFilter -- Auth failed: API_KEY_NOT_FOUND for path: /api/v1/protected from IP: unknown
]]></system-out>
  </testcase>
  <testcase name="filter_publishesEventOnInvalidApiKey" classname="com.microservices.gateway.filter.AuthenticationFilterTest" time="0.231">
    <system-out><![CDATA[08:04:25.407 [main] INFO com.microservices.gateway.filter.AuthenticationFilter -- Processing request for path: /api/v1/protected
08:04:25.410 [main] WARN com.microservices.gateway.filter.AuthenticationFilter -- Auth failed: API_KEY_NOT_FOUND for path: /api/v1/protected from IP: 127.0.0.1
]]></system-out>
  </testcase>
  <testcase name="filter_allowsPublicEndpoints" classname="com.microservices.gateway.filter.AuthenticationFilterTest" time="0.048">
    <system-out><![CDATA[08:04:25.459 [main] INFO com.microservices.gateway.filter.AuthenticationFilter -- Processing request for path: /api/v1/auth/login
08:04:25.461 [main] INFO com.microservices.gateway.filter.AuthenticationFilter -- Path /api/v1/auth/login is public, bypassing auth
]]></system-out>
  </testcase>
  <testcase name="filter_allowsValidJwt" classname="com.microservices.gateway.filter.AuthenticationFilterTest" time="0.033">
    <system-out><![CDATA[08:04:25.495 [main] INFO com.microservices.gateway.filter.AuthenticationFilter -- Processing request for path: /api/v1/protected
]]></system-out>
  </testcase>
  <testcase name="filter_blocksUnauthorizedRequest" classname="com.microservices.gateway.filter.AuthenticationFilterTest" time="0.02">
    <system-out><![CDATA[08:04:25.521 [main] INFO com.microservices.gateway.filter.AuthenticationFilter -- Processing request for path: /api/v1/protected
08:04:25.521 [main] WARN com.microservices.gateway.filter.AuthenticationFilter -- Auth failed: MISSING_CREDENTIALS for path: /api/v1/protected from IP: unknown
]]></system-out>
  </testcase>
</testsuite>